% Finesse v2.0 (v2.0-21-g3c2d315), 19.05.2014
% 2D plot, y1axis: Abs 
% phi [deg] (etm), pow

 0.00000000000000  0.0107817190204867 
 1.00000000000000  0.0105506687746277 
 2.00000000000000  0.0102552083316504 
 3.00000000000000  0.00991759181937121 
 4.00000000000000  0.00955837601786123 
 5.00000000000000  0.00919465161060310 
 6.00000000000000  0.00883954820991821 
 7.00000000000000  0.00850276342102610 
 8.00000000000000  0.00819163680864512 
 9.00000000000000  0.00791221113761028 
 10.0000000000000  0.00766991991088804 
 11.0000000000000  0.00746987622002187 
 12.0000000000000  0.00731689762798316 
 13.0000000000000  0.00721538883106949 
 14.0000000000000  0.00716923862339849 
 15.0000000000000  0.00718190086597329 
 16.0000000000000  0.00725668622994418 
 17.0000000000000  0.00739713472803291 
 18.0000000000000  0.00760730926250002 
 19.0000000000000  0.00789189534603146 
 20.0000000000000  0.00825601786342211 
 21.0000000000000  0.00870466261700762 
 22.0000000000000  0.00924153411973285 
 23.0000000000000  0.00986712676285754 
 24.0000000000000  0.0105757974898069 
 25.0000000000000  0.0113518217404549 
 26.0000000000000  0.0121649622209772 
 27.0000000000000  0.0129670979297996 
 28.0000000000000  0.0136926841029564 
 29.0000000000000  0.0142661657055815 
 30.0000000000000  0.0146172718424649 
 31.0000000000000  0.0146999998789211 
 32.0000000000000  0.0145064348824735 
 33.0000000000000  0.0140678055841049 
 34.0000000000000  0.0134429708437664 
 35.0000000000000  0.0127019265268550 
 36.0000000000000  0.0119122706227025 
 37.0000000000000  0.0111312490100050 
 38.0000000000000  0.0104018674470382 
 39.0000000000000  0.00975186273294917 
 40.0000000000000  0.00919546598140075 
 41.0000000000000  0.00873713762637812 
 42.0000000000000  0.00837566696299278 
 43.0000000000000  0.00810749159878982 
 44.0000000000000  0.00792895081959759 
 45.0000000000000  0.00783767660894055 
 46.0000000000000  0.00783343117153432 
 47.0000000000000  0.00791863138814185 
 48.0000000000000  0.00809868913988305 
 49.0000000000000  0.00838217470024431 
 50.0000000000000  0.00878065791942676 
 51.0000000000000  0.00930785095772839 
 52.0000000000000  0.00997730921506099 
 53.0000000000000  0.0107974296615221 
 54.0000000000000  0.0117620260447543 
 55.0000000000000  0.0128352125684719 
 56.0000000000000  0.0139327029769101 
 57.0000000000000  0.0149101978830410 
 58.0000000000000  0.0155800359577431 
 59.0000000000000  0.0157723936916730 
 60.0000000000000  0.0154187972895829 
 61.0000000000000  0.0145935090853033 
 62.0000000000000  0.0134726469326603 
 63.0000000000000  0.0122488236550164 
 64.0000000000000  0.0110679563627961 
 65.0000000000000  0.0100127490497356 
 66.0000000000000  0.00911584631752447 
 67.0000000000000  0.00837998868284917 
 68.0000000000000  0.00779392749387512 
 69.0000000000000  0.00734212692462180 
 70.0000000000000  0.00700980124908569 
 71.0000000000000  0.00678520547666512 
 72.0000000000000  0.00666054281324804 
 73.0000000000000  0.00663227672022166 
 74.0000000000000  0.00670123142128490 
 75.0000000000000  0.00687258594557387 
 76.0000000000000  0.00715560736143649 
 77.0000000000000  0.00756259944742019 
 78.0000000000000  0.00810591761418784 
 79.0000000000000  0.00879096289688296 
 80.0000000000000  0.00960233531111768 
 81.0000000000000  0.0104821335485948 
 82.0000000000000  0.0113088267619020 
 83.0000000000000  0.0119036746874035 
 84.0000000000000  0.0120958850697913 
 85.0000000000000  0.0118240484996849 
 86.0000000000000  0.0111792387502811 
 87.0000000000000  0.0103398950125138 
 88.0000000000000  0.00947152223818365 
 89.0000000000000  0.00867573063195124 
 90.0000000000000  0.00799349131512155 
 91.0000000000000  0.00742830119634082 
 92.0000000000000  0.00696647600673806 
 93.0000000000000  0.00658920627373194 
 94.0000000000000  0.00627828169194537 
 95.0000000000000  0.00601825216165386 
 96.0000000000000  0.00579688876423741 
 97.0000000000000  0.00560493611803905 
 98.0000000000000  0.00543562427527558 
 99.0000000000000  0.00528414504402148 
 100.000000000000  0.00514717641003044 
 101.000000000000  0.00502248478482348 
 102.000000000000  0.00490861022846996 
 103.000000000000  0.00480462797560700 
 104.000000000000  0.00470997413327786 
 105.000000000000  0.00462432195486760 
 106.000000000000  0.00454749634220865 
 107.000000000000  0.00447941692569288 
 108.000000000000  0.00442006292073442 
 109.000000000000  0.00436945494917408 
 110.000000000000  0.00432764973317415 
 111.000000000000  0.00429474327818931 
 112.000000000000  0.00427087761189607 
 113.000000000000  0.00425624619916964 
 114.000000000000  0.00425109434166152 
 115.000000000000  0.00425571309111299 
 116.000000000000  0.00427042773028735 
 117.000000000000  0.00429558370427609 
 118.000000000000  0.00433153324306912 
 119.000000000000  0.00437862461513899 
 120.000000000000  0.00443719346217168 
 121.000000000000  0.00450755293346432 
 122.000000000000  0.00458997744395371 
 123.000000000000  0.00468467461326366 
 124.000000000000  0.00479174144296775 
 125.000000000000  0.00491110346130815 
 126.000000000000  0.00504243843301719 
 127.000000000000  0.00518508855237190 
 128.000000000000  0.00533796675572767 
 129.000000000000  0.00549946453603217 
 130.000000000000  0.00566737128631688 
 131.000000000000  0.00583881918652760 
 132.000000000000  0.00601027234792111 
 133.000000000000  0.00617758229246412 
 134.000000000000  0.00633613073003554 
 135.000000000000  0.00648107191827405 
 136.000000000000  0.00660766926182553 
 137.000000000000  0.00671169610786796 
 138.000000000000  0.00678984504697846 
 139.000000000000  0.00684007334934048 
 140.000000000000  0.00686181473148065 
 141.000000000000  0.00685601347251586 
 142.000000000000  0.00682497849111475 
 143.000000000000  0.00677209607896109 
 144.000000000000  0.00670146539575417 
 145.000000000000  0.00661752464874204 
 146.000000000000  0.00652472211636323 
 147.000000000000  0.00642726429823152 
 148.000000000000  0.00632895296158698 
 149.000000000000  0.00623310900484657 
 150.000000000000  0.00614257351619182 
 151.000000000000  0.00605977117223749 
 152.000000000000  0.00598681485752238 
 153.000000000000  0.00592562398988492 
 154.000000000000  0.00587802757238903 
 155.000000000000  0.00584583135328531 
 156.000000000000  0.00583084585353437 
 157.000000000000  0.00583489021071958 
 158.000000000000  0.00585979488007728 
 159.000000000000  0.00590741874002198 
 160.000000000000  0.00597967820619558 
 161.000000000000  0.00607857070409492 
 162.000000000000  0.00620617316118998 
 163.000000000000  0.00636460589040891 
 164.000000000000  0.00655595811041735 
 165.000000000000  0.00678216036307407 
 166.000000000000  0.00704476846441501 
 167.000000000000  0.00734461713292799 
 168.000000000000  0.00768132014487458 
 169.000000000000  0.00805262263898400 
 170.000000000000  0.00845363827000211 
 171.000000000000  0.00887604560725178 
 172.000000000000  0.00930739746250023 
 173.000000000000  0.00973080823161444 
 174.000000000000  0.0101253782603778 
 175.000000000000  0.0104676998605749 
 176.000000000000  0.0107345669909189 
 177.000000000000  0.0109065542437847 
 178.000000000000  0.0109715925346970 
 179.000000000000  0.0109273791430697 
 180.000000000000  0.0107817190204867 
